2025-06-03 10:01:09,726 - UnifiedPipeline - INFO - Starting unified pipeline for image: data/full_images/test2.jpg
2025-06-03 10:01:09,726 - UnifiedPipeline - INFO - Output directory: pipeline_results/run_20250603_100109
2025-06-03 10:01:09,727 - UnifiedPipeline - INFO - Starting smplestx with command: /opt/conda/envs/unified_pose_env/bin/python adapters/smplestx_adapter.py --cfg_path pretrained_models/smplest_x/config_base.py --input_image data/full_images/test2.jpg --output_dir pipeline_results/run_20250603_100109/smplestx_results
2025-06-03 10:01:09,727 - UnifiedPipeline - INFO - Working directory: /home/rodeo_aims_ac_za/3d_whole_body_pipeline
2025-06-03 10:01:09,729 - UnifiedPipeline - INFO - Starting wilor with command: /opt/conda/envs/unified_pose_env/bin/python wilor_adapter.py --img_folder ../pipeline_results/run_20250603_100109/wilor_results/temp_input --out_folder ../pipeline_results/run_20250603_100109/wilor_results --rescale_factor 2.0
2025-06-03 10:01:09,729 - UnifiedPipeline - INFO - Starting emoca with command: /opt/conda/envs/unified_pose_env/bin/python adapters/emoca_adapter.py --input_folder pipeline_results/run_20250603_100109/emoca_results/temp_input --output_folder pipeline_results/run_20250603_100109/emoca_results --save_images True --save_codes True --mode detail
2025-06-03 10:01:09,729 - UnifiedPipeline - INFO - Working directory: /home/rodeo_aims_ac_za/3d_whole_body_pipeline/adapters
2025-06-03 10:01:09,730 - UnifiedPipeline - INFO - Working directory: /home/rodeo_aims_ac_za/3d_whole_body_pipeline
2025-06-03 10:01:27,066 - UnifiedPipeline - INFO - ✓ wilor completed successfully
2025-06-03 10:01:33,467 - UnifiedPipeline - INFO - ✓ emoca completed successfully
2025-06-03 10:01:36,479 - UnifiedPipeline - INFO - ✓ smplestx completed successfully
2025-06-03 10:01:36,480 - UnifiedPipeline - INFO - 
============================================================
2025-06-03 10:01:36,480 - UnifiedPipeline - INFO - PIPELINE SUMMARY
2025-06-03 10:01:36,480 - UnifiedPipeline - INFO - ============================================================
2025-06-03 10:01:36,480 - UnifiedPipeline - INFO - Input: data/full_images/test2.jpg
2025-06-03 10:01:36,480 - UnifiedPipeline - INFO - Output: pipeline_results/run_20250603_100109
2025-06-03 10:01:36,480 - UnifiedPipeline - INFO - Success rate: 100.0%
2025-06-03 10:01:36,480 - UnifiedPipeline - INFO - ✓ Successful: wilor, emoca, smplestx
2025-06-03 10:01:36,480 - UnifiedPipeline - INFO - Summary saved to: pipeline_results/run_20250603_100109/pipeline_summary.json
2025-06-03 10:01:36,480 - UnifiedPipeline - INFO - ============================================================
